<?xml version="1.0" encoding="UTF-8"?>
<!-- Generated by org.testng.reporters.JUnitReportReporter -->
<testsuite hostname="AWESOME" failures="0" tests="1" name="com.Mystore.testcases.TC_ProductPageTest" time="47.567" errors="0" timestamp="2022-12-20T21:42:08 IST" skipped="0">
  <testcase classname="com.Mystore.testcases.TC_ProductPageTest" name="VerifyBuyProduct" time="47.567"/>
  <system-out/>
</testsuite> <!-- com.Mystore.testcases.TC_ProductPageTest -->
