<?xml version="1.0" encoding="UTF-8"?>
<!-- Generated by org.testng.reporters.JUnitReportReporter -->
<testsuite hostname="AWESOME" failures="0" tests="2" name="com.Mystore.testcases.TC_MyAccountPageTestDataDrivenTesting" time="43.929" errors="0" timestamp="2023-01-02T19:59:56 IST" skipped="0">
  <testcase classname="com.Mystore.testcases.TC_MyAccountPageTestDataDrivenTesting" name="VerifyLogin" time="21.567"/>
  <system-out/>
  <testcase classname="com.Mystore.testcases.TC_MyAccountPageTestDataDrivenTesting" name="VerifyLogin" time="22.362"/>
  <system-out/>
</testsuite> <!-- com.Mystore.testcases.TC_MyAccountPageTestDataDrivenTesting -->
