<?xml version="1.0" encoding="UTF-8"?>
<!-- Generated by org.testng.reporters.JUnitReportReporter -->
<testsuite hostname="AWESOME" failures="0" tests="2" name="NewTest" time="0.013" errors="0" timestamp="2022-12-08T19:32:33 IST" skipped="0">
  <testcase classname="NewTest" name="f" time="0.009"/>
  <system-out/>
  <testcase classname="NewTest" name="f" time="0.004"/>
  <system-out/>
</testsuite> <!-- NewTest -->
